2023-01-26 01:19:09:199 [32minfo[39m: [32mMYSQL::: Connect successfully[39m
2023-01-26 01:25:33:2533 [32minfo[39m: [32mMYSQL::: Connect successfully[39m
2023-01-26 01:27:07:277 [32minfo[39m: [32mMYSQL::: Connect successfully[39m
2023-01-26 01:27:19:2719 [32minfo[39m: [32mMYSQL::: Connect successfully[39m
2023-01-26 01:28:04:284 [32minfo[39m: [32mMYSQL::: Connect successfully[39m
2023-01-26 01:28:41:2841 [35mhttp[39m: [35m::ffff:172.20.0.1 GET /v2/timesheets/ 401 - - 10.336 ms[39m
[35m[39m
2023-01-26 01:29:09:299 [32minfo[39m: [32mMYSQL::: Connect successfully[39m
2023-01-26 01:29:34:2934 [35mhttp[39m: [35m::ffff:172.20.0.1 GET /v2/timesheets/ 401 - - 12.218 ms[39m
[35m[39m
2023-01-26 01:30:50:3050 [35mhttp[39m: [35m::ffff:172.20.0.1 POST /v2/users/login 200 421 - 182.086 ms[39m
[35m[39m
2023-01-26 01:31:21:3121 [32minfo[39m: [32mMYSQL::: Connect successfully[39m
2023-01-26 01:31:54:3154 [32minfo[39m: [32mMYSQL::: Connect successfully[39m
2023-01-26 01:32:11:3211 [35mhttp[39m: [35m::ffff:172.20.0.1 GET /v2/timesheets/ - - - - ms[39m
[35m[39m
2023-01-26 01:34:08:348 [32minfo[39m: [32mMYSQL::: Connect successfully[39m
2023-01-26 01:34:15:3415 [32minfo[39m: [32mMYSQL::: Connect successfully[39m
2023-01-26 01:34:27:3427 [32minfo[39m: [32mMYSQL::: Connect successfully[39m
2023-01-26 01:34:46:3446 [32minfo[39m: [32mMYSQL::: Connect successfully[39m
2023-01-26 01:38:12:3812 [32minfo[39m: [32mMYSQL::: Connect successfully[39m
2023-01-26 01:38:17:3817 [32minfo[39m: [32mMYSQL::: Connect successfully[39m
2023-01-26 01:38:51:3851 [32minfo[39m: [32mMYSQL::: Connect successfully[39m
2023-01-26 01:39:00:390 [32minfo[39m: [32mMYSQL::: Connect successfully[39m
2023-01-26 01:40:00:400 [32minfo[39m: [32mMYSQL::: Connect successfully[39m
2023-01-26 01:41:09:419 [32minfo[39m: [32mMYSQL::: Connect successfully[39m
2023-01-26 01:41:16:4116 [32minfo[39m: [32mMYSQL::: Connect successfully[39m
2023-01-26 01:44:53:4453 [32minfo[39m: [32mMYSQL::: Connect successfully[39m
2023-01-26 02:10:53:1053 [32minfo[39m: [32mMYSQL::: Connect successfully[39m
2023-01-26 02:11:42:1142 [32minfo[39m: [32mMYSQL::: Connect successfully[39m
2023-01-26 02:12:56:1256 [32minfo[39m: [32mMYSQL::: Connect successfully[39m
2023-01-26 02:13:46:1346 [32minfo[39m: [32mMYSQL::: Connect successfully[39m
2023-01-26 02:16:20:1620 [32minfo[39m: [32mMYSQL::: Connect successfully[39m
2023-01-26 02:16:37:1637 [35mhttp[39m: [35m::ffff:172.20.0.1 GET /v2/timesheets/1 200 45 - 42.931 ms[39m
[35m[39m
2023-01-26 02:17:29:1729 [32minfo[39m: [32mMYSQL::: Connect successfully[39m
2023-01-26 02:17:29:1729 [35mhttp[39m: [35m::ffff:172.20.0.1 GET /v2/timesheets/1 200 45 - 89.901 ms[39m
[35m[39m
2023-01-26 02:17:48:1748 [35mhttp[39m: [35m::ffff:172.20.0.1 GET /v2/timesheets/1 200 45 - 22.013 ms[39m
[35m[39m
2023-01-26 02:19:22:1922 [32minfo[39m: [32mMYSQL::: Connect successfully[39m
2023-01-26 02:19:32:1932 [32minfo[39m: [32mMYSQL::: Connect successfully[39m
2023-01-26 02:19:37:1937 [35mhttp[39m: [35m::ffff:172.20.0.1 GET /v2/timesheets/1 200 66 - 34.488 ms[39m
[35m[39m
2023-01-26 02:19:56:1956 [32minfo[39m: [32mMYSQL::: Connect successfully[39m
2023-01-26 02:28:36:2836 [32minfo[39m: [32mMYSQL::: Connect successfully[39m
2023-01-26 02:29:03:293 [32minfo[39m: [32mMYSQL::: Connect successfully[39m
2023-01-26 02:29:20:2920 [32minfo[39m: [32mMYSQL::: Connect successfully[39m
2023-01-26 02:29:59:2959 [32minfo[39m: [32mMYSQL::: Connect successfully[39m
2023-01-26 02:30:21:3021 [32minfo[39m: [32mMYSQL::: Connect successfully[39m
2023-01-26 02:30:39:3039 [32minfo[39m: [32mMYSQL::: Connect successfully[39m
2023-01-26 02:31:34:3134 [32minfo[39m: [32mMYSQL::: Connect successfully[39m
2023-01-26 02:32:47:3247 [32minfo[39m: [32mMYSQL::: Connect successfully[39m
2023-01-26 02:32:50:3250 [32minfo[39m: [32mMYSQL::: Connect successfully[39m
2023-01-26 02:36:59:3659 [32minfo[39m: [32mMYSQL::: Connect successfully[39m
2023-01-26 02:38:02:382 [32minfo[39m: [32mMYSQL::: Connect successfully[39m
2023-01-26 02:38:41:3841 [32minfo[39m: [32mMYSQL::: Connect successfully[39m
2023-01-26 02:41:02:412 [35mhttp[39m: [35m::ffff:172.20.0.1 POST /v2/timesheets 401 - - 27.041 ms[39m
[35m[39m
2023-01-26 02:41:15:4115 [35mhttp[39m: [35m::ffff:172.20.0.1 POST /v2/users/login 402 44 - 43.707 ms[39m
[35m[39m
2023-01-26 02:41:26:4126 [35mhttp[39m: [35m::ffff:172.20.0.1 POST /v2/users/login 402 44 - 17.116 ms[39m
[35m[39m
2023-01-26 02:43:42:4342 [35mhttp[39m: [35m::ffff:172.20.0.1 POST /v2/users/register 200 430 - 216.917 ms[39m
[35m[39m
2023-01-26 02:43:52:4352 [35mhttp[39m: [35m::ffff:172.20.0.1 POST /v2/timesheets 200 40 - 18.768 ms[39m
[35m[39m
2023-01-26 02:46:13:4613 [32minfo[39m: [32mMYSQL::: Connect successfully[39m
2023-01-26 02:46:33:4633 [35mhttp[39m: [35m::ffff:172.20.0.1 POST /v2/timesheets 200 40 - 88.508 ms[39m
[35m[39m
2023-01-26 02:46:59:4659 [32minfo[39m: [32mMYSQL::: Connect successfully[39m
2023-01-26 02:47:11:4711 [35mhttp[39m: [35m::ffff:172.20.0.1 POST /v2/timesheets 200 40 - 68.080 ms[39m
[35m[39m
2023-01-26 02:47:33:4733 [32minfo[39m: [32mMYSQL::: Connect successfully[39m
2023-01-26 02:47:58:4758 [35mhttp[39m: [35m::ffff:172.20.0.1 POST /v2/timesheets 200 40 - 68.510 ms[39m
[35m[39m
2023-01-26 02:51:18:5118 [32minfo[39m: [32mMYSQL::: Connect successfully[39m
2023-01-26 02:51:20:5120 [35mhttp[39m: [35m::ffff:172.20.0.1 POST /v2/timesheets 200 40 - 63.682 ms[39m
[35m[39m
2023-01-26 02:51:27:5127 [35mhttp[39m: [35m::ffff:172.20.0.1 GET /v2/timesheets 401 - - 3.574 ms[39m
[35m[39m
2023-01-26 02:51:38:5138 [35mhttp[39m: [35m::ffff:172.20.0.1 GET /v2/timesheets 200 350 - 27.878 ms[39m
[35m[39m
2023-01-26 02:53:04:534 [35mhttp[39m: [35m::ffff:172.20.0.1 POST /v2/timesheets 200 40 - 29.170 ms[39m
[35m[39m
2023-01-26 02:55:41:5541 [32minfo[39m: [32mMYSQL::: Connect successfully[39m
2023-01-26 02:55:59:5559 [35mhttp[39m: [35m::ffff:172.20.0.1 POST /v2/timesheets 200 40 - 84.263 ms[39m
[35m[39m
2023-01-26 02:56:16:5616 [32minfo[39m: [32mMYSQL::: Connect successfully[39m
2023-01-26 02:56:18:5618 [35mhttp[39m: [35m::ffff:172.20.0.1 POST /v2/timesheets 200 40 - 55.714 ms[39m
[35m[39m
2023-01-26 02:59:23:5923 [32minfo[39m: [32mMYSQL::: Connect successfully[39m
2023-01-26 02:59:25:5925 [35mhttp[39m: [35m::ffff:172.20.0.1 POST /v2/timesheets 200 40 - 56.455 ms[39m
[35m[39m
2023-01-26 03:01:01:11 [32minfo[39m: [32mMYSQL::: Connect successfully[39m
2023-01-26 03:01:13:113 [32minfo[39m: [32mMYSQL::: Connect successfully[39m
2023-01-26 03:01:15:115 [35mhttp[39m: [35m::ffff:172.20.0.1 POST /v2/timesheets 200 40 - 48.914 ms[39m
[35m[39m
2023-01-26 03:02:27:227 [32minfo[39m: [32mMYSQL::: Connect successfully[39m
2023-01-26 03:02:42:242 [32minfo[39m: [32mMYSQL::: Connect successfully[39m
2023-01-26 03:02:50:250 [32minfo[39m: [32mMYSQL::: Connect successfully[39m
2023-01-26 03:02:59:259 [35mhttp[39m: [35m::ffff:172.20.0.1 POST /v2/users/register 200 430 - 226.978 ms[39m
[35m[39m
2023-01-26 03:03:15:315 [35mhttp[39m: [35m::ffff:172.20.0.1 POST /v2/timesheets 200 40 - 38.379 ms[39m
[35m[39m
2023-01-26 04:26:10:2610 [32minfo[39m: [32mMYSQL::: Connect successfully[39m
2023-01-26 04:31:19:3119 [32minfo[39m: [32mMYSQL::: Connect successfully[39m
2023-01-26 05:01:52:152 [32minfo[39m: [32mMYSQL::: Connect successfully[39m
2023-01-26 05:03:53:353 [32minfo[39m: [32mMYSQL::: Connect successfully[39m
2023-01-26 05:05:28:528 [32minfo[39m: [32mMYSQL::: Connect successfully[39m
2023-01-26 05:05:41:541 [32minfo[39m: [32mMYSQL::: Connect successfully[39m
2023-01-26 05:06:11:611 [32minfo[39m: [32mMYSQL::: Connect successfully[39m
2023-01-26 05:29:39:2939 [32minfo[39m: [32mMYSQL::: Connect successfully[39m
2023-01-26 05:30:07:307 [32minfo[39m: [32mMYSQL::: Connect successfully[39m
2023-01-26 05:30:27:3027 [32minfo[39m: [32mMYSQL::: Connect successfully[39m
2023-01-26 05:31:16:3116 [32minfo[39m: [32mMYSQL::: Connect successfully[39m
2023-01-26 05:32:03:323 [32minfo[39m: [32mMYSQL::: Connect successfully[39m
2023-01-26 05:32:23:3223 [32minfo[39m: [32mMYSQL::: Connect successfully[39m
2023-01-26 05:32:56:3256 [32minfo[39m: [32mMYSQL::: Connect successfully[39m
2023-01-26 05:33:31:3331 [32minfo[39m: [32mMYSQL::: Connect successfully[39m
2023-01-26 05:33:46:3346 [32minfo[39m: [32mMYSQL::: Connect successfully[39m
2023-01-26 05:33:55:3355 [32minfo[39m: [32mMYSQL::: Connect successfully[39m
2023-01-26 05:34:40:3440 [32minfo[39m: [32mMYSQL::: Connect successfully[39m
2023-01-26 06:05:59:559 [31merror[39m: [31m[39m
[31m SequelizeDatabaseError: Cannot drop table 'users' referenced by a foreign key constraint 'user_timesheet_managements_ibfk_1' on table 'user_timesheet_managements'.[39m
2023-01-26 06:10:58:1058 [31merror[39m: [31m[39m
[31m SequelizeDatabaseError: Cannot drop table 'users' referenced by a foreign key constraint 'user_timesheet_managements_ibfk_1' on table 'user_timesheet_managements'.[39m
2023-01-26 06:12:28:1228 [31merror[39m: [31m[39m
[31m SequelizeDatabaseError: Cannot drop table 'users' referenced by a foreign key constraint 'user_timesheet_managements_ibfk_1' on table 'user_timesheet_managements'.[39m
2023-01-26 06:12:32:1232 [31merror[39m: [31m[39m
[31m SequelizeDatabaseError: Cannot drop table 'users' referenced by a foreign key constraint 'user_timesheet_managements_ibfk_1' on table 'user_timesheet_managements'.[39m
2023-01-26 06:13:10:1310 [31merror[39m: [31m[39m
[31m SequelizeDatabaseError: Cannot drop table 'users' referenced by a foreign key constraint 'user_timesheet_managements_ibfk_1' on table 'user_timesheet_managements'.[39m
2023-01-26 06:13:38:1338 [31merror[39m: [31m[39m
[31m SequelizeDatabaseError: Cannot drop table 'users' referenced by a foreign key constraint 'user_timesheet_managements_ibfk_1' on table 'user_timesheet_managements'.[39m
2023-01-26 06:14:03:143 [31merror[39m: [31m[39m
[31m SequelizeDatabaseError: Referencing column 'user_timesheets_managements_id' and referenced column 'id' in foreign key constraint 'user_timesheet_details_ibfk_1' are incompatible.[39m
2023-01-26 06:16:16:1616 [31merror[39m: [31m[39m
[31m SequelizeDatabaseError: Referencing column 'user_timesheets_managements_id' and referenced column 'id' in foreign key constraint 'user_timesheet_details_ibfk_1' are incompatible.[39m
2023-01-26 06:16:34:1634 [31merror[39m: [31m[39m
[31m SequelizeDatabaseError: Referencing column 'user_timesheets_managements_id' and referenced column 'id' in foreign key constraint 'user_timesheet_details_ibfk_1' are incompatible.[39m
2023-01-26 06:23:30:2330 [31merror[39m: [31m[39m
[31m SequelizeDatabaseError: Referencing column 'user_timesheets_managements_id' and referenced column 'id' in foreign key constraint 'user_timesheet_details_ibfk_1' are incompatible.[39m
2023-01-26 06:23:47:2347 [31merror[39m: [31m[39m
[31m SequelizeDatabaseError: Referencing column 'user_timesheets_managements_id' and referenced column 'id' in foreign key constraint 'user_timesheet_details_ibfk_1' are incompatible.[39m
2023-01-26 06:23:53:2353 [31merror[39m: [31m[39m
[31m SequelizeDatabaseError: Referencing column 'user_timesheets_managements_id' and referenced column 'id' in foreign key constraint 'user_timesheet_details_ibfk_1' are incompatible.[39m
2023-01-26 06:24:39:2439 [31merror[39m: [31m[39m
[31m SequelizeDatabaseError: Referencing column 'user_timesheets_managements_id' and referenced column 'id' in foreign key constraint 'user_timesheet_details_ibfk_1' are incompatible.[39m
2023-01-26 06:24:45:2445 [31merror[39m: [31m[39m
[31m SequelizeDatabaseError: Referencing column 'user_timesheets_managements_id' and referenced column 'id' in foreign key constraint 'user_timesheet_details_ibfk_1' are incompatible.[39m
2023-01-26 06:25:03:253 [31merror[39m: [31m[39m
[31m SequelizeDatabaseError: Referencing column 'user_timesheets_managements_id' and referenced column 'id' in foreign key constraint 'user_timesheet_details_ibfk_1' are incompatible.[39m
2023-01-26 06:26:26:2626 [31merror[39m: [31m[39m
[31m SequelizeDatabaseError: Referencing column 'user_timesheets_managements_id' and referenced column 'id' in foreign key constraint 'user_timesheet_details_ibfk_1' are incompatible.[39m
2023-01-26 06:28:01:281 [31merror[39m: [31m[39m
[31m SequelizeDatabaseError: Referencing column 'user_timesheets_managements_id' and referenced column 'id' in foreign key constraint 'user_timesheet_details_ibfk_1' are incompatible.[39m
2023-01-26 06:29:18:2918 [31merror[39m: [31m[39m
[31m SequelizeDatabaseError: Referencing column 'user_timesheets_managements_id' and referenced column 'id' in foreign key constraint 'user_timesheet_details_ibfk_1' are incompatible.[39m
2023-01-26 06:29:29:2929 [31merror[39m: [31m[39m
[31m SequelizeDatabaseError: Referencing column 'user_timesheets_managements_id' and referenced column 'id' in foreign key constraint 'user_timesheet_details_ibfk_1' are incompatible.[39m
2023-01-26 06:30:41:3041 [31merror[39m: [31m[39m
[31m SequelizeDatabaseError: Referencing column 'user_timesheets_managements_id' and referenced column 'id' in foreign key constraint 'user_timesheet_details_ibfk_1' are incompatible.[39m
2023-01-26 06:30:47:3047 [31merror[39m: [31m[39m
[31m SequelizeDatabaseError: Referencing column 'user_timesheets_managements_id' and referenced column 'id' in foreign key constraint 'user_timesheet_details_ibfk_1' are incompatible.[39m
2023-01-26 06:30:52:3052 [31merror[39m: [31m[39m
[31m SequelizeDatabaseError: Referencing column 'user_timesheets_managements_id' and referenced column 'id' in foreign key constraint 'user_timesheet_details_ibfk_1' are incompatible.[39m
2023-01-26 06:31:56:3156 [31merror[39m: [31m[39m
[31m SequelizeDatabaseError: Referencing column 'user_timesheets_managements_id' and referenced column 'id' in foreign key constraint 'user_timesheet_details_ibfk_1' are incompatible.[39m
2023-01-26 06:32:00:320 [31merror[39m: [31m[39m
[31m SequelizeDatabaseError: Referencing column 'user_timesheets_managements_id' and referenced column 'id' in foreign key constraint 'user_timesheet_details_ibfk_1' are incompatible.[39m
2023-01-26 06:49:30:4930 [31merror[39m: [31m[39m
[31m SequelizeDatabaseError: Referencing column 'user_timesheets_managements_id' and referenced column 'id' in foreign key constraint 'user_timesheet_details_ibfk_1' are incompatible.[39m
2023-01-26 06:50:39:5039 [31merror[39m: [31m[39m
[31m SequelizeDatabaseError: Referencing column 'user_timesheets_managements_id' and referenced column 'id' in foreign key constraint 'user_timesheet_details_ibfk_1' are incompatible.[39m
2023-01-26 07:03:38:338 [31merror[39m: [31m[39m
[31m SequelizeDatabaseError: Referencing column 'user_timesheets_managements_id' and referenced column 'id' in foreign key constraint 'user_timesheet_details_ibfk_1' are incompatible.[39m
2023-01-26 07:03:59:359 [31merror[39m: [31m[39m
[31m SequelizeDatabaseError: Referencing column 'user_timesheets_managements_id' and referenced column 'id' in foreign key constraint 'user_timesheet_details_ibfk_1' are incompatible.[39m
2023-01-26 07:06:07:67 [31merror[39m: [31m[39m
[31m SequelizeDatabaseError: Referencing column 'user_timesheets_managements_id' and referenced column 'id' in foreign key constraint 'user_timesheet_details_ibfk_1' are incompatible.[39m
2023-01-26 07:06:52:652 [31merror[39m: [31m[39m
[31m SequelizeDatabaseError: Referencing column 'user_timesheets_managements_id' and referenced column 'id' in foreign key constraint 'user_timesheet_details_ibfk_1' are incompatible.[39m
2023-01-26 07:07:33:733 [31merror[39m: [31m[39m
[31m SequelizeDatabaseError: Referencing column 'user_timesheets_managements_id' and referenced column 'id' in foreign key constraint 'user_timesheet_details_ibfk_1' are incompatible.[39m
2023-01-26 07:07:48:748 [31merror[39m: [31m[39m
[31m SequelizeDatabaseError: Referencing column 'user_timesheets_managements_id' and referenced column 'id' in foreign key constraint 'user_requests_ibfk_2' are incompatible.[39m
2023-01-26 07:07:54:754 [31merror[39m: [31m[39m
[31m SequelizeDatabaseError: Referencing column 'user_timesheets_managements_id' and referenced column 'id' in foreign key constraint 'user_requests_ibfk_2' are incompatible.[39m
2023-01-26 07:08:23:823 [31merror[39m: [31m[39m
[31m SequelizeDatabaseError: Referencing column 'user_timesheets_managements_id' and referenced column 'id' in foreign key constraint 'user_timesheet_details_ibfk_1' are incompatible.[39m
2023-01-26 07:10:00:100 [31merror[39m: [31m[39m
[31m SequelizeDatabaseError: Referencing column 'user_timesheets_managements_id' and referenced column 'id' in foreign key constraint 'user_requests_ibfk_2' are incompatible.[39m
2023-01-26 07:11:19:1119 [31merror[39m: [31m[39m
[31m SequelizeDatabaseError: Referencing column 'user_timesheets_managements_id' and referenced column 'id' in foreign key constraint 'user_requests_ibfk_2' are incompatible.[39m
2023-01-26 07:13:28:1328 [31merror[39m: [31m[39m
[31m SequelizeDatabaseError: Referencing column 'user_timesheets_managements_id' and referenced column 'id' in foreign key constraint 'user_timesheet_details_ibfk_1' are incompatible.[39m
2023-01-26 07:14:58:1458 [31merror[39m: [31m[39m
[31m SequelizeDatabaseError: Referencing column 'user_timesheets_managements_id' and referenced column 'id' in foreign key constraint 'user_timesheet_details_ibfk_1' are incompatible.[39m
2023-01-26 07:15:29:1529 [31merror[39m: [31m[39m
[31m SequelizeDatabaseError: Referencing column 'user_timesheets_managements_id' and referenced column 'id' in foreign key constraint 'user_timesheet_details_ibfk_1' are incompatible.[39m
2023-01-26 07:15:35:1535 [31merror[39m: [31m[39m
[31m SequelizeDatabaseError: Referencing column 'user_timesheets_managements_id' and referenced column 'id' in foreign key constraint 'user_timesheet_details_ibfk_1' are incompatible.[39m
2023-01-26 07:15:48:1548 [31merror[39m: [31m[39m
[31m SequelizeDatabaseError: Referencing column 'user_timesheets_managements_id' and referenced column 'id' in foreign key constraint 'user_timesheet_details_ibfk_1' are incompatible.[39m
2023-01-26 07:16:17:1617 [31merror[39m: [31m[39m
[31m SequelizeDatabaseError: Referencing column 'user_timesheets_managements_id' and referenced column 'id' in foreign key constraint 'user_timesheet_details_ibfk_1' are incompatible.[39m
2023-01-26 07:18:00:180 [31merror[39m: [31m[39m
[31m SequelizeDatabaseError: Referencing column 'user_timesheets_managements_id' and referenced column 'id' in foreign key constraint 'user_timesheet_details_ibfk_1' are incompatible.[39m
2023-01-26 07:18:11:1811 [31merror[39m: [31m[39m
[31m SequelizeDatabaseError: Referencing column 'user_timesheets_managements_id' and referenced column 'id' in foreign key constraint 'user_timesheet_details_ibfk_1' are incompatible.[39m
2023-01-26 07:21:15:2115 [31merror[39m: [31m[39m
[31m SequelizeDatabaseError: Referencing column 'user_timesheets_managements_id' and referenced column 'id' in foreign key constraint 'user_timesheet_details_ibfk_1' are incompatible.[39m
2023-01-26 07:21:36:2136 [31merror[39m: [31m[39m
[31m SequelizeDatabaseError: Referencing column 'user_timesheets_managements_id' and referenced column 'id' in foreign key constraint 'user_timesheet_details_ibfk_1' are incompatible.[39m
2023-01-26 07:21:41:2141 [31merror[39m: [31m[39m
[31m SequelizeDatabaseError: Referencing column 'user_timesheets_managements_id' and referenced column 'id' in foreign key constraint 'user_timesheet_details_ibfk_1' are incompatible.[39m
2023-01-26 07:21:56:2156 [31merror[39m: [31m[39m
[31m SequelizeDatabaseError: Referencing column 'user_timesheets_managements_id' and referenced column 'id' in foreign key constraint 'user_timesheet_details_ibfk_1' are incompatible.[39m
2023-01-26 07:22:31:2231 [31merror[39m: [31m[39m
[31m SequelizeDatabaseError: Referencing column 'user_timesheets_managements_id' and referenced column 'id' in foreign key constraint 'user_timesheet_details_ibfk_1' are incompatible.[39m
2023-01-26 07:22:58:2258 [31merror[39m: [31m[39m
[31m SequelizeDatabaseError: Referencing column 'user_timesheets_managements_id' and referenced column 'id' in foreign key constraint 'user_timesheet_details_ibfk_1' are incompatible.[39m
2023-01-26 07:24:19:2419 [31merror[39m: [31m[39m
[31m SequelizeDatabaseError: Referencing column 'user_timesheets_managements_id' and referenced column 'id' in foreign key constraint 'user_timesheet_details_ibfk_1' are incompatible.[39m
2023-01-26 07:24:30:2430 [31merror[39m: [31m[39m
[31m SequelizeDatabaseError: Referencing column 'user_timesheets_managements_id' and referenced column 'id' in foreign key constraint 'user_timesheet_details_ibfk_1' are incompatible.[39m
2023-01-26 07:24:53:2453 [31merror[39m: [31m[39m
[31m SequelizeDatabaseError: Referencing column 'user_timesheets_managements_id' and referenced column 'id' in foreign key constraint 'user_timesheet_details_ibfk_1' are incompatible.[39m
2023-01-26 07:25:51:2551 [31merror[39m: [31m[39m
[31m SequelizeDatabaseError: Referencing column 'user_timesheets_managements_id' and referenced column 'id' in foreign key constraint 'user_timesheet_details_ibfk_1' are incompatible.[39m
2023-01-26 07:26:08:268 [31merror[39m: [31m[39m
[31m SequelizeDatabaseError: Referencing column 'user_timesheets_managements_id' and referenced column 'id' in foreign key constraint 'user_timesheet_details_ibfk_1' are incompatible.[39m
2023-01-26 07:27:31:2731 [31merror[39m: [31m[39m
[31m SequelizeDatabaseError: Referencing column 'user_timesheets_managements_id' and referenced column 'id' in foreign key constraint 'user_timesheet_details_ibfk_1' are incompatible.[39m
2023-01-26 07:28:29:2829 [31merror[39m: [31m[39m
[31m SequelizeDatabaseError: Referencing column 'user_timesheets_managements_id' and referenced column 'id' in foreign key constraint 'user_timesheet_details_ibfk_1' are incompatible.[39m
2023-01-26 07:29:32:2932 [31merror[39m: [31m[39m
[31m SequelizeDatabaseError: Referencing column 'user_timesheets_managements_id' and referenced column 'id' in foreign key constraint 'user_timesheet_details_ibfk_1' are incompatible.[39m
2023-01-26 07:30:28:3028 [31merror[39m: [31m[39m
[31m SequelizeDatabaseError: Referencing column 'user_timesheets_managements_id' and referenced column 'id' in foreign key constraint 'user_timesheet_details_ibfk_1' are incompatible.[39m
2023-01-26 07:30:39:3039 [32minfo[39m: [32mMYSQL::: Connect successfully[39m
2023-01-26 07:39:22:3922 [32minfo[39m: [32mMYSQL::: Connect successfully[39m
2023-01-26 07:39:39:3939 [32minfo[39m: [32mMYSQL::: Connect successfully[39m
2023-01-26 07:40:22:4022 [31merror[39m: [31m[39m
[31m SequelizeDatabaseError: Referencing column 'user_timesheets_managements_id' and referenced column 'id' in foreign key constraint 'user_timesheet_details_ibfk_1' are incompatible.[39m
2023-01-26 07:40:37:4037 [31merror[39m: [31m[39m
[31m SequelizeDatabaseError: Referencing column 'user_timesheets_managements_id' and referenced column 'id' in foreign key constraint 'user_timesheet_details_ibfk_1' are incompatible.[39m
2023-01-26 07:42:38:4238 [31merror[39m: [31m[39m
[31m SequelizeDatabaseError: Referencing column 'user_timesheets_managements_id' and referenced column 'id' in foreign key constraint 'user_timesheet_details_ibfk_1' are incompatible.[39m
2023-01-26 07:42:50:4250 [31merror[39m: [31m[39m
[31m SequelizeDatabaseError: Referencing column 'user_timesheets_managements_id' and referenced column 'id' in foreign key constraint 'user_timesheet_details_ibfk_1' are incompatible.[39m
2023-01-26 07:43:00:430 [32minfo[39m: [32mMYSQL::: Connect successfully[39m
2023-01-26 07:45:56:4556 [32minfo[39m: [32mMYSQL::: Connect successfully[39m
2023-01-26 07:51:23:5123 [32minfo[39m: [32mMYSQL::: Connect successfully[39m
2023-01-26 07:52:33:5233 [32minfo[39m: [32mMYSQL::: Connect successfully[39m
2023-01-26 07:52:46:5246 [32minfo[39m: [32mMYSQL::: Connect successfully[39m
2023-01-26 07:54:38:5438 [32minfo[39m: [32mMYSQL::: Connect successfully[39m
2023-01-26 07:57:02:572 [32minfo[39m: [32mMYSQL::: Connect successfully[39m
2023-01-26 08:17:42:1742 [35mhttp[39m: [35m::ffff:172.20.0.1 POST /v2/users/register 200 430 - 249.568 ms[39m
[35m[39m
2023-01-26 08:17:57:1757 [35mhttp[39m: [35m::ffff:172.20.0.1 GET /v2/timesheets 500 1146 - 40.088 ms[39m
[35m[39m
2023-01-26 08:20:27:2027 [32minfo[39m: [32mMYSQL::: Connect successfully[39m
2023-01-26 08:20:39:2039 [35mhttp[39m: [35m::ffff:172.20.0.1 GET /v2/timesheets 200 34 - 62.978 ms[39m
[35m[39m
2023-01-26 08:20:56:2056 [32minfo[39m: [32mMYSQL::: Connect successfully[39m
2023-01-26 08:21:45:2145 [32minfo[39m: [32mMYSQL::: Connect successfully[39m
2023-01-26 08:21:54:2154 [35mhttp[39m: [35m::ffff:172.20.0.1 GET /v2/timesheets/1 200 66 - 46.068 ms[39m
[35m[39m
2023-01-26 08:24:49:2449 [32minfo[39m: [32mMYSQL::: Connect successfully[39m
2023-01-26 08:25:55:2555 [32minfo[39m: [32mMYSQL::: Connect successfully[39m
2023-01-26 08:26:02:262 [32minfo[39m: [32mMYSQL::: Connect successfully[39m
2023-01-26 08:26:54:2654 [32minfo[39m: [32mMYSQL::: Connect successfully[39m
2023-01-26 08:27:03:273 [32minfo[39m: [32mMYSQL::: Connect successfully[39m
2023-01-26 08:27:46:2746 [32minfo[39m: [32mMYSQL::: Connect successfully[39m
2023-01-26 08:27:52:2752 [32minfo[39m: [32mMYSQL::: Connect successfully[39m
2023-01-26 08:29:46:2946 [35mhttp[39m: [35m::ffff:172.20.0.1 POST /v2/timesheets - - - - ms[39m
[35m[39m
2023-01-26 08:32:58:3258 [32minfo[39m: [32mMYSQL::: Connect successfully[39m
2023-01-26 08:33:19:3319 [32minfo[39m: [32mMYSQL::: Connect successfully[39m
2023-01-26 08:33:51:3351 [35mhttp[39m: [35m::ffff:172.20.0.1 POST /v2/timesheets - - - - ms[39m
[35m[39m
2023-01-26 08:35:48:3548 [32minfo[39m: [32mMYSQL::: Connect successfully[39m
2023-01-26 08:36:08:368 [32minfo[39m: [32mMYSQL::: Connect successfully[39m
2023-01-26 08:37:12:3712 [32minfo[39m: [32mMYSQL::: Connect successfully[39m
2023-01-26 08:40:11:4011 [32minfo[39m: [32mMYSQL::: Connect successfully[39m
2023-01-26 08:40:19:4019 [32minfo[39m: [32mMYSQL::: Connect successfully[39m
2023-01-26 08:44:04:444 [32minfo[39m: [32mMYSQL::: Connect successfully[39m
2023-01-26 08:57:38:5738 [32minfo[39m: [32mMYSQL::: Connect successfully[39m
2023-01-26 09:03:33:333 [32minfo[39m: [32mMYSQL::: Connect successfully[39m
2023-01-26 09:03:44:344 [35mhttp[39m: [35m::ffff:172.20.0.1 POST /v2/timesheets - - - - ms[39m
[35m[39m
2023-01-26 09:23:16:2316 [32minfo[39m: [32mMYSQL::: Connect successfully[39m
2023-01-26 09:23:19:2319 [32minfo[39m: [32mMYSQL::: Connect successfully[39m
2023-01-26 09:23:34:2334 [32minfo[39m: [32mMYSQL::: Connect successfully[39m
2023-01-26 09:23:36:2336 [35mhttp[39m: [35m::ffff:172.20.0.1 POST /v2/timesheets 401 - - 25.810 ms[39m
[35m[39m
2023-01-26 09:23:51:2351 [35mhttp[39m: [35m::ffff:172.20.0.1 POST /v2/users/login 200 421 - 151.105 ms[39m
[35m[39m
2023-01-26 09:24:45:2445 [32minfo[39m: [32mMYSQL::: Connect successfully[39m
2023-01-26 09:25:00:250 [32minfo[39m: [32mMYSQL::: Connect successfully[39m
2023-01-26 09:29:54:2954 [32minfo[39m: [32mMYSQL::: Connect successfully[39m
2023-01-26 09:31:41:3141 [32minfo[39m: [32mMYSQL::: Connect successfully[39m
2023-01-26 09:32:04:324 [32minfo[39m: [32mMYSQL::: Connect successfully[39m
2023-01-26 09:35:42:3542 [32minfo[39m: [32mMYSQL::: Connect successfully[39m
2023-01-26 09:36:18:3618 [32minfo[39m: [32mMYSQL::: Connect successfully[39m
2023-01-26 09:36:24:3624 [32minfo[39m: [32mMYSQL::: Connect successfully[39m
2023-01-26 09:36:39:3639 [32minfo[39m: [32mMYSQL::: Connect successfully[39m
2023-01-26 09:37:03:373 [35mhttp[39m: [35m::ffff:172.20.0.1 POST /v2/timesheets - - - - ms[39m
[35m[39m
2023-01-26 09:38:11:3811 [32minfo[39m: [32mMYSQL::: Connect successfully[39m
2023-01-26 09:38:19:3819 [35mhttp[39m: [35m::ffff:172.20.0.1 POST /v2/timesheets - - - - ms[39m
[35m[39m
2023-01-26 09:38:34:3834 [32minfo[39m: [32mMYSQL::: Connect successfully[39m
2023-01-26 09:39:07:397 [32minfo[39m: [32mMYSQL::: Connect successfully[39m
2023-01-26 09:39:34:3934 [32minfo[39m: [32mMYSQL::: Connect successfully[39m
2023-01-26 09:39:37:3937 [35mhttp[39m: [35m::ffff:172.20.0.1 POST /v2/timesheets 500 142 - 57.171 ms[39m
[35m[39m
2023-01-26 09:39:58:3958 [32minfo[39m: [32mMYSQL::: Connect successfully[39m
2023-01-26 09:39:58:3958 [35mhttp[39m: [35m::ffff:172.20.0.1 POST /v2/timesheets 500 142 - 58.788 ms[39m
[35m[39m
2023-01-26 09:41:39:4139 [32minfo[39m: [32mMYSQL::: Connect successfully[39m
2023-01-26 09:41:44:4144 [35mhttp[39m: [35m::ffff:172.20.0.1 POST /v2/timesheets 500 142 - 74.516 ms[39m
[35m[39m
2023-01-26 09:42:33:4233 [32minfo[39m: [32mMYSQL::: Connect successfully[39m
2023-01-26 09:42:42:4242 [35mhttp[39m: [35m::ffff:172.20.0.1 POST /v2/timesheets 500 142 - 67.768 ms[39m
[35m[39m
2023-01-26 09:43:23:4323 [32minfo[39m: [32mMYSQL::: Connect successfully[39m
2023-01-26 09:43:29:4329 [35mhttp[39m: [35m::ffff:172.20.0.1 POST /v2/timesheets 500 142 - 72.659 ms[39m
[35m[39m
2023-01-26 09:44:05:445 [32minfo[39m: [32mMYSQL::: Connect successfully[39m
2023-01-26 09:44:08:448 [35mhttp[39m: [35m::ffff:172.20.0.1 POST /v2/timesheets 500 142 - 65.100 ms[39m
[35m[39m
2023-01-26 09:45:40:4540 [32minfo[39m: [32mMYSQL::: Connect successfully[39m
2023-01-26 09:46:14:4614 [32minfo[39m: [32mMYSQL::: Connect successfully[39m
2023-01-26 09:46:16:4616 [35mhttp[39m: [35m::ffff:172.20.0.1 POST /v2/timesheets 500 142 - 51.802 ms[39m
[35m[39m
2023-01-26 09:47:41:4741 [32minfo[39m: [32mMYSQL::: Connect successfully[39m
2023-01-26 09:47:47:4747 [35mhttp[39m: [35m::ffff:172.20.0.1 POST /v2/timesheets 500 142 - 65.517 ms[39m
[35m[39m
2023-01-26 09:48:34:4834 [32minfo[39m: [32mMYSQL::: Connect successfully[39m
2023-01-26 09:48:45:4845 [32minfo[39m: [32mMYSQL::: Connect successfully[39m
2023-01-26 09:48:52:4852 [35mhttp[39m: [35m::ffff:172.20.0.1 POST /v2/timesheets - - - - ms[39m
[35m[39m
2023-01-26 09:50:02:502 [32minfo[39m: [32mMYSQL::: Connect successfully[39m
2023-01-26 09:50:20:5020 [35mhttp[39m: [35m::ffff:172.20.0.1 POST /v2/timesheets - - - - ms[39m
[35m[39m
2023-01-26 09:50:33:5033 [32minfo[39m: [32mMYSQL::: Connect successfully[39m
2023-01-26 09:50:47:5047 [35mhttp[39m: [35m::ffff:172.20.0.1 POST /v2/timesheets - - - - ms[39m
[35m[39m
2023-01-26 09:51:50:5150 [32minfo[39m: [32mMYSQL::: Connect successfully[39m
2023-01-26 09:52:00:520 [35mhttp[39m: [35m::ffff:172.20.0.1 POST /v2/timesheets - - - - ms[39m
[35m[39m
2023-01-26 09:52:09:529 [32minfo[39m: [32mMYSQL::: Connect successfully[39m
2023-01-26 09:52:11:5211 [35mhttp[39m: [35m::ffff:172.20.0.1 POST /v2/timesheets 200 40 - 70.090 ms[39m
[35m[39m
