2023-01-13 02:31:43:3143 [32minfo[39m: [32mDocs available at http://localhost:9000/docs[39m
2023-01-13 02:34:23:3423 [32minfo[39m: [32mDocs available at http://localhost:9000/docs[39m
2023-01-13 02:34:56:3456 [35mhttp[39m: [35m::ffff:172.20.0.1 GET /favicon.ico 404 42 - 1.538 ms[39m
[35m[39m
2023-01-13 02:34:56:3456 [35mhttp[39m: [35m::ffff:172.20.0.1 GET /d%C3%B3c 404 42 - 0.432 ms[39m
[35m[39m
2023-01-13 02:35:05:355 [35mhttp[39m: [35m::ffff:172.20.0.1 GET /v1/heathcheck 304 - - 0.941 ms[39m
[35m[39m
2023-01-13 02:43:07:437 [32minfo[39m: [32mDocs available at http://localhost:9000/docs[39m
2023-01-13 06:12:06:126 [32minfo[39m: [32mDocs available at http://localhost:9000/docs[39m
2023-01-13 06:19:09:199 [32minfo[39m: [32mDocs available at http://localhost:9000/docs[39m
2023-01-13 06:19:56:1956 [32minfo[39m: [32mDocs available at http://localhost:9000/docs[39m
2023-01-13 06:20:16:2016 [32minfo[39m: [32mDocs available at http://localhost:9000/docs[39m
2023-01-13 06:23:04:234 [32minfo[39m: [32mDocs available at http://localhost:9000/docs[39m
2023-01-13 06:24:38:2438 [32minfo[39m: [32mDocs available at http://localhost:9000/docs[39m
2023-01-13 06:27:52:2752 [32minfo[39m: [32mDocs available at http://localhost:9000/docs[39m
2023-01-13 06:30:05:305 [32minfo[39m: [32mDocs available at http://localhost:9000/docs[39m
2023-01-13 06:31:03:313 [32minfo[39m: [32mDocs available at http://localhost:9000/docs[39m
2023-01-13 06:44:37:4437 [32minfo[39m: [32mDocs available at http://localhost:9000/docs[39m
2023-01-13 06:45:53:4553 [32minfo[39m: [32mDocs available at http://localhost:9000/docs[39m
2023-01-13 06:46:08:468 [32minfo[39m: [32mDocs available at http://localhost:9000/docs[39m
2023-01-13 06:46:43:4643 [32minfo[39m: [32mDocs available at http://localhost:9000/docs[39m
2023-01-13 06:49:00:490 [32minfo[39m: [32mDocs available at http://localhost:9000/docs[39m
2023-01-13 07:08:09:89 [32minfo[39m: [32mDocs available at http://localhost:9000/docs[39m
2023-01-13 09:38:02:382 [32minfo[39m: [32mDocs available at http://localhost:9000/docs[39m
